172
2 131 163 
2 403 122 
2 454 397 
2 17 4 
2 94 141 
2 183 105 
2 129 229 
2 56 440 
2 149 189 
2 10 348 
2 43 121 
2 455 392 
2 148 353 
2 158 328 
2 332 64 
2 423 426 
2 444 316 
2 237 81 
2 452 224 
2 347 470 
2 191 269 
2 301 464 
2 401 147 
2 339 169 
2 456 414 
2 256 211 
2 97 281 
2 180 447 
2 198 486 
2 170 279 
2 107 260 
2 468 352 
2 383 261 
2 115 151 
2 195 30 
2 445 220 
2 448 215 
2 391 205 
2 475 323 
2 302 389 
2 413 44 
2 181 415 
2 34 466 
2 101 489 
2 210 293 
2 404 351 
2 484 5 
2 250 239 
2 119 411 
2 495 78 
2 430 70 
2 365 50 
2 138 472 
2 356 462 
2 370 179 
2 16 287 
2 139 362 
2 42 295 
2 9 244 
2 309 156 
2 228 320 
2 400 303 
2 231 216 
2 89 251 
2 264 37 
3 318 19 202 
3 315 371 246 
3 3 280 467 
3 13 488 331 
3 393 49 376 
3 481 450 166 
3 187 157 245 
3 399 80 305 
3 438 474 458 
3 360 433 55 
3 478 112 93 
3 387 297 128 
3 491 134 378 
3 221 258 174 
3 125 431 48 
3 154 96 289 
3 253 2 35 
3 292 469 350 
3 477 95 341 
3 325 329 485 
3 218 12 0 
3 406 363 461 
3 442 436 410 
3 487 185 161 
3 271 123 197 
3 159 384 106 
3 26 76 338 
3 368 248 196 
3 21 53 82 
3 39 51 144 
3 372 136 396 
3 277 247 272 
3 98 300 304 
3 337 381 192 
3 176 33 357 
3 193 65 463 
3 319 310 15 
3 425 86 68 
3 66 326 267 
3 6 104 72 
3 162 314 417 
3 77 451 405 
3 349 207 476 
3 209 313 79 
3 22 270 168 
3 238 46 421 
3 429 457 233 
3 473 345 133 
3 135 367 336 
3 99 83 306 
3 87 273 483 
3 142 346 214 
3 230 480 282 
3 291 225 459 
3 327 298 358 
3 31 62 126 
3 422 146 103 
3 58 145 364 
3 441 175 412 
3 172 432 71 
4 152 317 398 199 
4 307 57 471 100 
4 402 190 38 91 
4 173 73 223 498 
4 490 494 439 24 
4 186 40 235 74 
4 499 342 41 32 
4 428 182 283 419 
4 155 361 232 227 
4 20 453 437 379 
4 236 88 420 114 
4 47 385 449 390 
4 177 200 212 59 
4 294 290 63 311 
4 184 164 492 497 
4 268 120 493 354 
4 116 427 203 333 
4 234 23 460 259 
4 109 52 324 167 
4 263 377 160 343 
4 366 265 117 344 
4 113 54 8 276 
4 249 132 36 278 
4 288 308 242 241 
4 409 75 465 299 
4 226 380 140 29 
4 130 243 67 373 
4 102 217 285 7 
4 496 274 286 335 
4 143 375 11 150 
4 85 137 27 382 
4 321 118 45 322 
4 407 424 188 111 
4 18 171 25 254 
4 222 178 340 14 
4 266 386 124 394 
4 312 255 69 61 
4 201 257 194 165 
4 213 284 252 262 
4 395 479 443 296 
4 110 482 219 275 
4 153 108 374 359 
4 369 204 355 60 
4 334 92 127 446 
4 435 416 330 434 
4 28 206 418 84 
4 1 240 208 408 
