1628
2 8066 8714 
2 8571 9062 
2 7450 7482 
2 4705 2976 
2 8519 1245 
2 4599 4532 
2 2 8715 
2 9065 1408 
2 9004 6531 
2 4978 4876 
2 7644 118 
2 8008 6700 
2 459 49 
2 3034 6048 
2 6162 1004 
2 2197 1300 
2 3806 2135 
2 3691 4443 
2 7597 6389 
2 1212 2021 
2 1428 7773 
2 7604 5233 
2 8350 2315 
2 9937 6740 
2 2555 4397 
2 7916 9071 
2 4637 5620 
2 4744 2289 
2 4152 823 
2 114 1453 
2 1699 4402 
2 5364 2840 
2 9363 7939 
2 624 2498 
2 1803 379 
2 5904 4501 
2 8167 2203 
2 7894 1571 
2 692 4364 
2 5719 1484 
2 1427 1255 
2 8101 3585 
2 5511 56 
2 5422 8383 
2 8890 5320 
2 9654 1501 
2 5154 4497 
2 6159 5614 
2 5666 2407 
2 1435 9634 
2 3780 1254 
2 5378 2027 
2 1180 1691 
2 7048 9958 
2 1269 4387 
2 9531 9877 
2 4481 8045 
2 7562 485 
2 2517 1312 
2 3993 9775 
2 3666 8604 
2 792 9223 
2 2126 4294 
2 1740 3255 
2 6426 9515 
2 3984 6054 
2 1023 4518 
2 9686 1770 
2 8979 4753 
2 1829 5847 
2 1452 5645 
2 2165 6902 
2 9714 8226 
2 8250 4993 
2 2891 6812 
2 829 5965 
2 1645 1410 
2 7352 4274 
2 798 7646 
2 1150 7268 
2 3243 7629 
2 1775 6747 
2 4257 4916 
2 2867 1393 
2 8610 8090 
2 1488 3204 
2 4737 9622 
2 3702 1706 
2 6104 3639 
2 1509 3323 
2 5248 5006 
2 3759 8482 
2 9639 3304 
2 2218 2712 
2 6499 1293 
2 9028 6657 
2 5223 4730 
2 3428 7280 
2 3697 6869 
2 8852 2230 
2 9315 8363 
2 386 9862 
2 8878 7260 
2 8573 2444 
2 7127 7925 
2 8335 3001 
2 1778 2105 
2 1357 6642 
2 6134 4767 
2 9858 7350 
2 9367 3172 
2 2360 1053 
2 7167 4382 
2 6942 7766 
2 9057 4379 
2 7487 4731 
2 990 4784 
2 4933 2841 
2 542 3200 
2 3882 2656 
2 4709 9699 
2 7380 8587 
2 9173 1605 
2 2137 1007 
2 1005 4828 
2 440 5261 
2 1876 4577 
2 5785 7065 
2 7117 3604 
2 4182 3802 
2 9597 4164 
2 2263 4027 
2 2227 3944 
2 9336 3940 
2 5738 5759 
2 416 9117 
2 253 6370 
2 2909 5216 
2 2966 4267 
2 8578 1223 
2 7310 847 
2 6708 1021 
2 831 4943 
2 6003 8577 
2 5345 7141 
2 1892 9076 
2 9268 9590 
2 6630 4615 
2 7511 6364 
2 311 5400 
2 6060 1714 
2 9904 3466 
2 7887 6691 
2 5263 5975 
2 2270 3606 
2 6567 364 
2 5925 6453 
2 7189 3736 
2 8038 3885 
2 5083 8888 
2 420 8401 
2 6755 4055 
2 1381 6011 
2 7908 318 
2 2782 1274 
2 1240 197 
2 6956 5144 
2 5564 1811 
2 1001 4955 
2 145 7347 
2 4495 2527 
2 8418 1666 
2 6992 9935 
2 1549 8819 
2 634 2440 
2 4310 4849 
2 4789 2331 
2 7364 3260 
2 4246 7210 
2 5945 644 
2 1655 6392 
2 2100 2294 
2 1607 9291 
2 5772 4589 
2 9204 6103 
2 3175 7321 
2 3665 7787 
2 1064 9900 
2 4617 2532 
2 8666 7564 
2 5912 3641 
2 1696 2601 
2 85 136 
2 4600 5214 
2 9398 8211 
2 1107 593 
2 2147 1540 
2 6231 551 
2 493 6986 
2 5795 9455 
2 8192 1397 
2 2888 5681 
2 6439 5176 
2 9630 5756 
2 8148 1225 
2 5608 8427 
2 8867 7246 
2 8904 4044 
2 6693 4212 
2 9925 2681 
2 3852 9286 
2 1246 580 
2 95 5099 
2 8770 4657 
2 9914 1019 
2 4362 2716 
2 4902 6878 
2 2371 2944 
2 5950 3032 
2 1070 6451 
2 4875 4854 
2 3421 4626 
2 8773 8784 
2 2520 5649 
2 733 4158 
2 1047 295 
2 2556 5113 
2 2801 3865 
2 7600 5700 
2 3379 3156 
2 9439 7866 
2 1348 8231 
2 6174 901 
2 5118 5047 
2 3910 6574 
2 9412 9210 
2 2631 2074 
2 6560 413 
2 6914 6595 
2 3047 8041 
2 7238 9303 
2 6444 5754 
2 1017 4573 
2 5428 3382 
2 9578 2536 
2 1244 7822 
2 2911 5551 
2 7239 9049 
2 1444 8556 
2 8900 423 
2 4569 343 
2 4334 9795 
2 3756 704 
2 8461 1146 
2 316 9112 
2 192 1733 
2 9919 4758 
2 772 9109 
2 247 3291 
2 7693 8059 
2 614 803 
2 6855 2201 
2 9641 8330 
2 6957 3615 
2 6577 8804 
2 2998 9891 
2 2034 3918 
2 6102 7020 
2 499 211 
2 9694 6416 
2 3331 4768 
2 7811 5139 
2 7626 9033 
2 482 965 
2 3735 3672 
2 786 6193 
2 4275 7015 
2 7181 3201 
2 2245 9766 
2 1776 581 
2 672 1014 
2 9075 4562 
2 2213 553 
2 4356 261 
2 6723 4457 
2 1399 2832 
2 5888 5773 
2 8919 2749 
2 4103 8736 
2 603 6981 
2 7371 7930 
2 2718 5349 
2 1574 8100 
2 6219 2466 
2 9792 8126 
2 87 913 
2 6513 131 
2 7118 7616 
2 2565 5361 
2 8308 8081 
2 1250 6565 
2 1993 7464 
2 3121 2200 
2 5922 1395 
2 2657 9493 
2 2940 5388 
2 4813 9193 
2 8698 6856 
2 6311 9759 
2 8615 4207 
2 3208 4196 
2 749 7320 
2 8582 4786 
2 2258 5593 
2 5408 9969 
2 8914 8171 
2 9085 843 
2 2358 4184 
2 7345 61 
2 3497 8285 
2 4012 6720 
2 7757 8648 
2 3006 2437 
2 8360 7022 
2 7625 3602 
2 1208 182 
2 570 9289 
2 6164 5302 
2 7090 5315 
2 7316 3982 
2 6246 6970 
2 3211 1638 
2 4315 2177 
2 7103 7205 
2 5533 8600 
2 8809 9745 
2 9816 8194 
2 4256 4451 
2 6420 2763 
2 951 1598 
2 8499 22 
2 3357 1230 
2 1843 9672 
2 1815 7872 
2 2807 8293 
2 9255 9896 
2 4482 4844 
2 7021 3338 
2 2002 6649 
2 4796 7665 
2 9566 3000 
2 1595 566 
2 473 911 
2 2239 7046 
2 3714 2278 
2 8838 2561 
2 6928 3874 
2 8521 7527 
2 8958 4201 
2 2475 2821 
2 3102 471 
2 4757 1953 
2 3122 1844 
2 5655 5901 
2 8505 4601 
2 5972 2994 
2 466 2101 
2 2668 7498 
2 747 6341 
2 2273 2053 
2 2511 6883 
2 4934 1678 
2 7655 1709 
2 4665 4026 
2 4935 2719 
2 6128 2160 
2 2897 4087 
2 6018 5782 
2 1138 1620 
2 9056 9155 
2 2547 5065 
2 5045 5781 
2 1036 3997 
2 7224 5879 
2 4938 2402 
2 7184 7045 
2 3975 2504 
2 3180 4499 
2 8049 5997 
2 6397 1712 
2 4851 8157 
2 3448 265 
2 4234 4352 
2 7292 5068 
2 1474 1764 
2 2528 3131 
2 9188 8064 
2 2923 549 
2 6670 3028 
2 3833 6666 
2 5340 3054 
2 9142 3089 
2 188 4992 
2 828 8252 
2 9393 30 
2 2559 9794 
2 2823 1567 
2 9863 6276 
2 1701 7910 
2 5115 8808 
2 4154 9555 
2 5930 4430 
2 2120 1700 
2 370 3808 
2 9251 2490 
2 4924 7661 
2 5512 1280 
2 9642 2800 
2 5867 4264 
2 2225 7440 
2 382 4038 
2 9927 9379 
2 515 1297 
2 9242 3921 
2 968 5301 
2 4097 1947 
2 2298 4552 
2 3226 2484 
2 3127 9613 
2 4193 8282 
2 8522 5485 
2 9297 8541 
2 7746 5763 
2 1172 8298 
2 4648 3017 
2 7202 1447 
2 8159 8189 
2 1275 2533 
2 5082 6735 
2 7361 505 
2 1471 8765 
2 6078 2956 
2 4220 8513 
2 6551 5628 
2 9187 2409 
2 2829 7704 
2 8746 4798 
2 1673 3474 
2 3303 9960 
2 232 4090 
2 4411 1376 
2 7572 5938 
2 9324 5342 
2 8992 8425 
2 565 7520 
2 9728 6537 
2 315 6618 
2 2952 3745 
2 8727 6840 
2 6242 2858 
2 6721 3651 
2 5515 540 
2 1502 7208 
2 2138 3712 
2 2521 5866 
2 9710 4976 
2 8322 4120 
2 6154 4628 
2 5029 1982 
2 7329 7696 
2 9181 3155 
2 1836 826 
2 1606 1845 
2 6321 3436 
2 8198 7418 
2 4060 3831 
2 6877 7134 
2 5863 5052 
2 8342 1547 
2 5359 4391 
2 1972 6658 
2 2497 949 
2 5086 6848 
2 4335 9822 
2 4769 2775 
2 8485 5445 
2 5258 3224 
2 2949 3375 
2 526 3294 
2 270 5220 
2 3838 3906 
2 5588 824 
2 5101 7313 
2 8472 1617 
2 3964 1902 
2 6478 6147 
2 2687 9845 
2 9805 480 
2 8054 7304 
2 2837 3223 
2 1652 8283 
2 680 9111 
2 989 2328 
2 7333 1407 
3 5940 99 9731 
3 479 6624 2115 
3 7506 4100 3482 
3 3878 5444 3037 
3 7640 287 4438 
3 8927 9703 592 
3 697 953 8780 
3 9475 2845 4135 
3 1875 5619 1907 
3 2054 3213 7367 
3 236 7679 1633 
3 3594 1079 4357 
3 8447 7950 8014 
3 2083 1973 1334 
3 9778 7399 2145 
3 2964 9996 2945 
3 405 8716 9815 
3 957 8911 2757 
3 8934 891 3829 
3 9359 5943 7017 
3 6564 2419 7435 
3 3751 4194 6033 
3 9481 2986 6962 
3 9278 5840 9051 
3 3184 1066 5516 
3 2937 3760 8378 
3 1196 6584 1433 
3 958 7451 8114 
3 6550 4163 4807 
3 8 6904 6411 
3 9026 8942 3333 
3 9682 2847 7871 
3 5470 1784 3049 
3 9078 2780 359 
3 9719 8710 82 
3 810 610 7720 
3 4377 7577 3661 
3 7087 9227 476 
3 354 6503 8969 
3 8994 9981 7105 
3 1850 944 8092 
3 6395 5355 6665 
3 9191 6765 3772 
3 1288 3115 2003 
3 8032 6818 1046 
3 3704 4928 8440 
3 8002 3015 6760 
3 4380 6143 7150 
3 7191 6070 7671 
3 973 6784 5761 
3 5899 7507 7551 
3 879 6342 1403 
3 7621 1667 3904 
3 2489 1398 3025 
3 3328 6656 2042 
3 8909 3839 2181 
3 4317 3091 980 
3 2921 304 4540 
3 3681 1094 3932 
3 4214 5770 7530 
3 366 3321 8051 
3 5133 8042 7108 
3 8870 375 355 
3 2408 2595 9652 
3 4149 4353 7270 
3 3841 495 3242 
3 9563 4999 60 
3 5724 4095 8007 
3 5192 4136 4847 
3 6195 5239 1602 
3 9246 2502 2790 
3 4492 3232 5468 
3 4105 1946 6448 
3 9427 9650 3741 
3 7136 890 3966 
3 6382 2148 7055 
3 2405 8659 6949 
3 255 956 4913 
3 6363 5882 1151 
3 8212 5089 241 
3 8027 8952 223 
3 4085 2756 6910 
3 9451 837 5012 
3 2460 9678 9986 
3 5478 3475 200 
3 8200 4188 7180 
3 1451 2616 2604 
3 7334 9497 4900 
3 3281 4363 3928 
3 9371 8478 1681 
3 554 9726 1820 
3 4466 7252 5250 
3 9780 5304 5397 
3 4950 5180 560 
3 8290 8104 630 
3 1713 4698 1910 
3 362 954 9120 
3 6603 6690 6390 
3 8567 1937 5799 
3 3395 1215 8989 
3 9490 484 6315 
3 8929 6864 1990 
3 1093 5135 4150 
3 8700 3010 443 
3 684 5526 3542 
3 3136 2594 6846 
3 176 1515 2917 
3 6997 5586 2943 
3 7499 7149 6017 
3 6268 7416 4232 
3 9601 5765 9869 
3 4528 9484 8920 
3 512 1513 137 
3 1115 8246 3933 
3 7545 1441 2935 
3 1277 7765 7322 
3 587 3314 1189 
3 7829 4034 4944 
3 8551 170 9985 
3 2240 327 6443 
3 7038 6270 921 
3 1380 5171 5369 
3 1703 7823 7882 
3 4893 3396 7135 
3 8233 6571 4597 
3 1445 5737 328 
3 7808 9500 6429 
3 9866 5510 6805 
3 4226 4905 4812 
3 1313 7128 9161 
3 4367 1927 2037 
3 8729 4896 1721 
3 2050 2959 1728 
3 8390 3900 5878 
3 1068 6506 9128 
3 7921 2186 4205 
3 2611 9851 9264 
3 4706 5020 6873 
3 2191 1856 8503 
3 9631 6850 2792 
3 2170 9464 4652 
3 867 2235 4622 
3 516 7335 2308 
3 4877 6413 4091 
3 2992 1735 2868 
3 4388 909 3590 
3 992 845 6519 
3 54 2682 1448 
3 1326 177 2090 
3 3942 7302 4213 
3 1430 1821 1680 
3 8381 804 7315 
3 1016 5071 4607 
3 1544 6357 8569 
3 4695 9657 231 
3 9036 4922 4803 
3 6125 1824 8516 
3 7824 4806 8970 
3 6067 2849 751 
3 8691 1831 7132 
3 3095 1555 2264 
3 9088 1523 2913 
3 9195 8299 2496 
3 3067 1586 3519 
3 9584 8323 4255 
3 5001 8792 5394 
3 7151 864 8191 
3 285 4832 8468 
3 1371 1077 4419 
3 2106 6176 732 
3 9951 5632 6449 
3 2731 2600 4418 
3 1762 9039 9893 
3 8039 1840 6224 
3 8201 143 2975 
3 7223 4764 9786 
3 9873 2323 3480 
3 174 9165 3605 
3 3185 3460 7574 
3 9663 7480 6733 
3 9172 1859 3788 
3 3807 6879 8742 
3 9450 6351 5253 
3 3394 4521 902 
3 9079 5803 4505 
3 6374 6509 9882 
3 288 7813 636 
3 2526 4895 5435 
3 2383 7870 4800 
3 7094 7721 8240 
3 5962 4525 2057 
3 3182 6650 6254 
3 7892 8475 3753 
3 1636 2008 7014 
3 5667 1959 1572 
3 5683 2554 9553 
3 6819 7133 4473 
3 5379 9918 6945 
3 8711 9779 8357 
3 5749 7794 9509 
3 2403 2469 3603 
3 2630 1379 7900 
3 8925 3502 7795 
3 1499 2493 7966 
3 1492 320 3719 
3 4197 4183 4372 
3 7576 5790 3161 
3 8462 9955 894 
3 1298 6637 8798 
3 1886 8487 5034 
3 6919 3465 6815 
3 6022 5346 357 
3 8683 2228 4376 
3 9458 3272 995 
3 5648 2877 7477 
3 5257 8986 924 
3 2001 17 4624 
3 8149 3692 9073 
3 5572 3270 141 
3 871 7702 3872 
3 4206 7865 8960 
3 3409 2509 350 
3 9094 1102 8080 
3 7153 8886 8389 
3 8501 8332 1621 
3 4141 3849 9005 
3 4889 8207 4329 
3 927 720 6168 
3 9308 4909 3860 
3 8759 4039 6133 
3 4447 9976 7396 
3 2583 5341 2926 
3 8532 5143 7275 
3 5816 5777 9980 
3 9027 2204 4863 
3 3104 5073 782 
3 5748 129 9344 
3 9381 3740 2163 
3 8402 6756 1500 
3 1423 5472 9107 
3 5424 5797 4811 
3 9447 696 5157 
3 714 5543 2406 
3 2951 7432 1570 
3 5546 8156 1148 
3 4668 392 1529 
3 1402 9660 207 
3 4646 5464 1705 
3 1281 5918 7800 
3 6679 7436 7543 
3 2621 4926 3215 
3 8173 3384 3976 
3 8457 576 9164 
3 6156 1900 6870 
3 2750 1185 6704 
3 2746 1304 2064 
3 8291 1009 2277 
3 6801 8116 7668 
3 3422 1665 502 
3 2506 4548 9871 
3 9784 240 1592 
3 6074 5296 1816 
3 5164 7663 6007 
3 9740 2799 9100 
3 1364 868 435 
3 3107 5352 6639 
3 2370 9732 2677 
3 2678 2947 7565 
3 3967 8260 7426 
3 3196 4435 4739 
3 4946 2412 5186 
3 9034 940 3728 
3 55 4840 9691 
3 5483 9741 5392 
3 6504 1052 6494 
3 7259 5626 3774 
3 37 1670 9444 
3 4496 8997 8271 
3 3825 7988 11 
3 6318 1203 2776 
3 8559 9825 461 
3 766 6140 524 
3 8955 6663 1139 
3 8471 9343 2082 
3 298 7052 1799 
3 857 1906 5046 
3 703 1074 6211 
3 8001 9305 3441 
3 8343 3647 7904 
3 4712 1262 9031 
3 5915 8253 4312 
3 6371 2637 2786 
3 2290 3021 2393 
3 503 8669 1957 
3 8150 8899 3879 
3 9954 2904 5808 
3 8731 9504 5518 
3 3413 1880 5215 
3 6259 5469 741 
3 3708 7212 3959 
3 8706 5893 9376 
3 3595 4262 3643 
3 5421 2545 135 
3 9460 9456 8024 
3 348 4040 8204 
3 4063 8653 2676 
3 4603 1542 7688 
3 1149 2125 4218 
3 8655 8690 5874 
3 7862 6286 2648 
3 5758 9889 1108 
3 6288 7592 2384 
3 9499 8564 5449 
3 1702 3434 7299 
3 239 8376 1611 
3 3550 9687 9908 
3 7901 5694 3695 
3 9615 4199 764 
3 8946 3311 6047 
3 1429 9318 1177 
3 8306 9346 6909 
3 834 5936 9273 
3 5909 9448 4693 
3 2262 1008 2091 
3 2098 547 8708 
3 5774 5269 1945 
3 6625 6600 9989 
3 3247 5718 511 
3 754 2633 736 
3 4866 9477 1466 
3 628 7502 4160 
3 3805 7596 8466 
3 6798 9162 6336 
3 7455 5088 1528 
3 1363 7595 1924 
3 3495 7474 6450 
3 6587 6540 4408 
3 5481 8394 6782 
3 2825 4276 525 
3 4319 3058 7374 
3 9953 8441 4516 
3 5621 6227 8122 
3 1248 926 7763 
3 7211 648 338 
3 3501 7724 6829 
3 6146 7836 1257 
3 7488 6851 1676 
3 5267 6930 1173 
3 1161 6882 1834 
3 651 986 6659 
3 6149 9231 5583 
3 6199 9772 2884 
3 4750 5579 5820 
3 9414 8734 2433 
3 3105 807 7277 
3 2232 9087 9009 
3 3711 1081 1960 
3 7173 3035 6322 
3 7708 550 724 
3 9433 6464 1727 
3 2968 5331 6277 
3 1084 6059 6674 
3 5381 9810 3859 
3 9190 7290 6339 
3 5824 9747 8840 
3 1136 5325 7195 
3 2386 9849 25 
3 2635 2524 7952 
3 8202 960 2414 
3 3742 7473 5116 
3 6743 2938 3461 
3 2605 6101 9799 
3 1024 5460 3528 
3 4724 8163 1006 
3 8580 5266 3654 
3 8869 1545 4169 
3 2708 7792 3625 
3 3782 6654 3252 
3 245 5393 8455 
3 6977 5168 5150 
3 2143 3535 9633 
3 3494 4053 6252 
3 7040 9104 190 
3 3562 5544 1659 
3 7631 7761 8586 
3 1870 5720 6356 
3 2581 6274 9492 
3 8851 3473 6644 
3 1781 4897 4285 
3 3360 9240 3249 
3 8453 4348 5438 
3 8408 9016 2808 
3 3485 5577 1220 
3 9612 9916 5966 
3 5281 6779 4117 
3 1950 6124 6641 
3 8687 4759 7516 
3 1967 5891 5715 
3 2659 8695 344 
3 3862 1294 8606 
3 7261 6372 4131 
3 6954 1716 5712 
3 7101 586 5027 
3 5985 7926 936 
3 2726 887 4368 
3 3863 9160 9417 
3 1497 9611 6684 
3 8091 1054 1125 
3 2038 6326 2733 
3 2291 4512 8539 
3 6348 5794 422 
3 6635 962 9540 
3 2211 1335 4290 
3 2881 4018 3969 
3 2663 2806 4235 
3 2887 4459 6683 
3 9753 9645 7855 
3 9572 6921 5730 
3 5322 9154 8359 
3 2747 1152 793 
3 9468 5508 8430 
3 1623 4930 9907 
3 5313 8511 575 
3 7812 1930 8733 
3 3578 7177 2990 
3 3701 89 1489 
3 9603 3361 6799 
3 2488 2214 2337 
3 1493 4957 3981 
3 6080 9069 4833 
3 6889 4557 3843 
3 3228 3648 1330 
3 8213 9156 349 
3 2797 3686 2710 
3 9890 8721 8871 
3 1654 4884 6112 
3 6419 878 2508 
3 5450 7355 4109 
3 9527 1119 2550 
3 2059 6722 5789 
3 5615 1838 9870 
3 2000 7994 7568 
3 6115 535 6396 
3 3713 2920 5870 
3 8680 3241 4766 
3 3193 2883 5875 
3 6529 397 4684 
3 4661 488 5167 
3 7529 7139 5273 
3 5484 6633 4314 
3 9722 6857 6572 
3 269 3218 117 
3 2651 4337 7915 
3 9564 5427 7707 
3 9347 7457 6251 
3 1153 584 2236 
3 750 7370 492 
3 9917 7716 3574 
3 9711 654 5455 
3 866 5210 8016 
3 2562 3693 4037 
3 5622 2480 815 
3 6734 1976 9520 
3 4104 588 7307 
3 8540 2789 5802 
3 1182 5442 294 
3 5751 5387 6031 
3 2396 8602 9029 
3 4050 1337 1386 
3 428 63 4119 
3 6726 1111 9915 
3 4954 8102 6828 
3 6777 2023 1837 
3 4224 1916 7182 
3 2811 168 4672 
3 418 9545 8474 
3 4020 1999 3431 
3 1940 532 5097 
3 8593 8609 3896 
3 6947 1060 5839 
3 6391 7875 6524 
3 8256 429 2623 
3 6578 7422 1384 
3 2804 4110 1698 
3 5228 6895 2226 
3 3363 7194 6028 
3 9215 6933 884 
3 9334 5597 6495 
3 9422 6438 5717 
3 6025 1346 3090 
3 7095 5290 2495 
3 9431 7941 6871 
3 1759 9829 1287 
3 7382 1556 4826 
3 4004 8880 4067 
3 7783 5021 7610 
3 7392 9944 3733 
3 2761 2212 3084 
3 3310 4284 1229 
3 3855 2175 777 
3 43 5696 7828 
3 42 1343 5857 
3 4417 4912 8799 
3 3897 5125 4069 
3 6228 5307 7493 
3 9830 9262 5917 
3 2208 3632 1116 
3 8930 7553 2117 
3 4958 8665 9923 
3 7846 4134 7976 
3 4903 6701 7793 
3 6312 5149 1302 
3 5831 8681 215 
3 6517 8166 2812 
3 579 9595 40 
3 9673 4620 3571 
3 9774 6063 9341 
3 3123 7166 9942 
3 5589 3023 6380 
3 8311 7314 2092 
3 9787 6406 1794 
3 3537 6655 4396 
3 2768 5129 5514 
3 7398 26 462 
3 8429 6999 9010 
3 8236 7637 5317 
3 1914 6937 4277 
3 8438 4581 5016 
3 9017 1104 4373 
3 6303 8590 2928 
3 4259 9605 6923 
3 4033 4865 6335 
3 9457 4746 8486 
3 4092 7160 855 
3 2372 9366 8526 
3 100 1772 5742 
3 5671 596 5096 
3 1071 1320 3886 
3 6183 5433 6006 
4 7853 7931 2464 4432 
4 7348 6257 3018 4915 
4 8926 4721 7603 221 
4 7008 205 2609 4056 
4 4633 7912 9879 9369 
4 2732 257 4891 5607 
4 6557 6337 367 9586 
4 1842 4045 7249 5181 
4 5454 6769 5182 9208 
4 1896 6320 6969 1050 
4 3803 5236 2007 6213 
4 7960 1718 9019 68 
4 3410 7599 6865 1350 
4 2653 4272 4263 4405 
4 5348 9416 7256 1141 
4 7633 337 7428 4887 
4 5229 7817 8072 9625 
4 111 5079 7534 3613 
4 5061 2660 2606 2715 
4 6280 9511 4227 5843 
4 3901 1767 9097 3373 
4 3995 4664 3566 5600 
4 4728 2730 6614 3564 
4 4450 7363 9720 2249 
4 737 9532 6294 6741 
4 2415 2919 1373 116 
4 8393 3634 4514 3800 
4 5007 1584 3301 1683 
4 1510 9106 7121 2255 
4 450 8509 6528 8677 
4 7496 213 6958 5576 
4 395 2016 155 3376 
4 1236 865 6796 4342 
4 4078 5762 3974 7378 
4 9025 2690 7923 2379 
4 2691 5201 160 8060 
4 3440 5436 9421 6501 
4 2260 2573 4910 3778 
4 9526 6971 5119 9086 
4 9549 9294 384 4242 
4 6058 490 2624 324 
4 7123 8956 7691 9047 
4 2032 3245 7501 206 
4 5807 5410 6073 6678 
4 5075 626 1164 8382 
4 3834 5294 6030 970 
4 3541 3500 4932 5473 
4 6427 2593 3038 9486 
4 6137 5402 2427 4962 
4 4472 5465 8317 9541 
4 2411 6190 2993 229 
4 9420 5612 7301 2758 
4 8129 2647 3937 722 
4 9528 9129 2824 2771 
4 1191 8452 6903 6802 
4 1650 1301 4743 7607 
4 6239 7296 380 4785 
4 6170 5343 9136 202 
4 1476 4682 7230 3369 
4 3675 9469 8822 7002 
4 3727 9668 2279 6284 
4 5231 3499 707 2769 
4 149 6583 7619 6309 
4 6075 3120 3827 9211 
4 8949 9313 8388 5276 
4 7107 7522 5092 2266 
4 7727 800 8255 3009 
4 454 8113 5665 4084 
4 9802 4559 7116 6976 
4 1120 984 3584 2930 
4 7057 2349 6263 4835 
4 5174 9961 8003 2381 
4 4959 148 7343 8301 
4 9970 1195 3481 7588 
4 6768 7772 5237 309 
4 2539 1359 6826 5461 
4 8976 5293 7968 8902 
4 4022 4777 1042 6346 
4 5013 756 4523 5102 
4 2285 7437 2817 7739 
4 8785 6628 7609 4556 
4 1878 1498 4490 3464 
4 1103 8588 7652 3729 
4 734 3761 9259 3064 
4 1997 300 3718 8314 
4 1708 7922 9725 4727 
4 3597 8835 4028 4645 
4 6800 8525 1252 3463 
4 7975 7172 7386 1554 
4 670 1443 6141 4644 
4 8652 1318 6948 1295 
4 2751 8981 3511 7300 
4 7678 2269 4504 6365 
4 6863 4145 9257 9777 
4 2988 9121 8432 5709 
4 8553 301 3957 7170 
4 9974 8883 3593 385 
4 9749 6319 1573 5208 
4 6631 2905 2794 7032 
4 3505 1284 5094 8170 
4 8318 7518 7215 7796 
4 4208 8967 1863 760 
4 8663 4181 7267 3747 
4 5726 8670 8490 2695 
4 6554 7531 1267 330 
4 5398 8023 2369 671 
4 825 1684 3521 8651 
4 7206 8331 2287 7744 
4 2193 472 4431 9656 
4 2665 7081 6192 710 
4 1527 8033 5987 2205 
4 9674 3926 9967 7269 
4 8965 5152 9276 7834 
4 8174 4591 6234 8816 
4 5244 2364 2997 7914 
4 6619 574 1813 8584 
4 2982 4107 5728 8031 
4 7169 7119 7638 4701 
4 9170 4736 2220 5998 
4 2934 849 6705 4749 
4 3582 2767 1656 1283 
4 3005 8724 9525 5399 
4 8872 3610 2217 3169 
4 6757 5163 9386 7879 
4 9773 9708 6029 5185 
4 124 5259 4711 4041 
4 1272 2058 2246 8811 
4 8370 4080 120 2122 
4 5640 3627 8771 3147 
4 8115 5284 9956 9020 
4 1388 1201 4343 3320 
4 2274 3008 9628 4574 
4 1282 3587 9514 7228 
4 5939 3210 1187 7627 
4 6611 2828 8484 6767 
4 9769 9408 693 9736 
4 7266 2167 7606 9052 
4 4848 7235 4783 8257 
4 827 3004 9354 8067 
4 6702 4233 9647 506 
4 2141 3443 8910 251 
4 4392 6072 3455 9157 
4 2683 2400 8537 5842 
4 1737 3569 1416 6752 
4 9557 7162 3019 5060 
4 7074 2459 8684 3062 
4 2445 2970 1 7241 
4 5330 5880 3158 7237 
4 2310 948 9948 5357 
4 4732 4870 2544 2044 
4 8881 2778 1724 5105 
4 4931 303 6131 1991 
4 4613 8896 6749 5570 
4 5722 2436 9568 7996 
4 8460 286 9349 8673 
4 7067 2261 5931 8783 
4 1929 4333 7009 3835 
4 5856 9592 7980 6095 
4 6806 4231 5292 8933 
4 6520 5336 9984 6412 
4 9884 6430 2166 5278 
4 2754 1533 7946 9225 
4 959 3462 4215 914 
4 6719 2530 5862 7439 
4 5334 1560 2854 5662 
4 9055 5740 5716 4901 
4 9452 5919 4195 6417 
4 1756 8087 8980 2428 
4 8130 8757 8817 3476 
4 4717 6793 3292 398 
4 9430 8268 6508 964 
4 169 2587 7122 1747 
4 3856 1903 8139 8938 
4 6742 5373 3302 8972 
4 1175 4351 7475 3188 
4 3370 5691 5351 6405 
4 1810 5793 7867 9744 
4 3487 7533 4549 8180 
4 2809 3039 3600 2915 
4 3828 8145 4857 6891 
4 2237 7214 1190 1299 
4 4130 784 8321 8094 
4 3073 3327 5124 2866 
4 8865 8488 1731 2078 
4 7653 8229 373 9217 
4 8641 8084 1564 7447 
4 1732 7612 8279 142 
4 412 5418 974 448 
4 9213 7190 7069 4003 
4 3124 5195 7999 1874 
4 5286 5602 7611 1098 
4 5486 6379 752 4386 
4 3792 4882 2052 4513 
4 3444 4083 9599 3744 
4 212 5487 7213 1344 
4 3393 8861 615 3074 
4 2325 7654 7494 8420 
4 7486 3696 5796 5337 
4 4602 6490 7001 2736 
4 3991 1434 7470 5563 
4 1932 411 5178 5219 
4 3336 5791 1463 2110 
4 7852 7723 8232 8123 
4 6349 3483 1812 5618 
4 611 3749 5868 9463 
4 1506 669 3279 494 
4 9206 1519 6267 4458 
4 8495 2136 7030 4554 
4 2669 5371 4019 5575 
4 133 9022 6034 8185 
4 1206 125 1872 7509 
4 2916 5362 3559 2822 
4 9924 3114 6279 2089 
4 2661 8599 3222 1205 
4 9248 7354 1948 8296 
4 2861 4982 1685 3698 
4 5585 1566 5130 612 
4 5932 1536 5254 4374 
4 3325 3227 1589 4444 
4 742 6362 5003 5032 
4 3618 4260 3799 6568 
4 3611 3237 8576 3596 
4 8894 8568 7953 5826 
4 4076 1553 1360 3589 
4 605 4983 2300 6569 
4 7198 916 6135 9689 
4 9068 6481 4429 3014 
4 1643 7938 9789 6549 
4 7318 9302 1446 6972 
4 1599 1029 5996 7902 
4 4462 6167 1865 8528 
4 3955 2494 1080 4456 
4 7560 7760 4355 8720 
4 9666 519 20 5409 
4 8305 619 3848 994 
4 7079 4526 1336 8740 
4 6275 3892 4247 3552 
4 8400 6585 5934 848 
4 2885 7951 6634 3432 
4 8722 3619 8443 8674 
4 9959 4005 6084 3853 
4 1795 7033 7220 3679 
4 7397 6051 2689 4679 
4 9134 7670 8591 7412 
4 388 2388 8552 3458 
4 8028 2312 7082 2875 
4 5949 5205 6106 4952 
4 9495 6993 8563 6606 
4 7937 3286 8000 2592 
4 5303 4468 2724 7385 
4 4836 4939 607 7905 
4 5970 7883 6875 4023 
4 4859 4445 7750 3919 
4 9868 4780 4508 5695 
4 6744 2410 6289 6789 
4 5172 7248 8543 4864 
4 686 6745 8948 2031 
4 9665 2461 2394 3798 
4 8533 4500 94 7016 
4 923 8507 564 6109 
4 8214 7504 5374 7885 
4 4647 7843 9476 112 
4 6912 9258 2081 5520 
4 5624 1273 1241 6682 
4 6027 5283 6872 3876 
4 3426 1221 7642 9507 
4 5218 9203 3081 5120 
4 9987 945 4113 5567 
4 3066 3949 5818 6013 
4 6792 1616 2305 8860 
4 2474 8239 3515 4747 
4 7144 6302 3390 7218 
4 8265 3326 8661 1048 
4 7519 3246 1086 8274 
4 2292 6853 676 3570 
4 5319 6229 2482 2865 
4 4801 3556 204 5823 
4 5437 9690 4427 5630 
4 9521 4271 1704 6214 
4 8585 5854 9103 1768 
4 3732 6714 1382 3471 
4 7906 6359 23 8480 
4 9911 98 4850 346 
4 7540 1558 5979 7286 
4 5177 6689 5268 7537 
4 2134 2206 162 1159 
4 6820 271 7131 8638 
4 4332 4381 51 3705 
4 4963 9751 7624 5051 
4 9669 3181 4921 3069 
4 8380 4774 5153 3842 
4 1276 6804 1289 8891 
4 3144 6377 3577 7409 
4 4413 5679 534 2833 
4 3962 2791 3282 9042 
4 1970 8247 3167 9723 
4 7820 9530 9410 2578 
4 3446 6771 5646 8341 
4 6739 9968 7753 2159 
4 667 571 517 3656 
4 1188 6127 6772 3435 
4 7357 8243 3150 8098 
4 3504 4081 5117 8349 
4 9081 5980 376 7044 
4 778 4058 5815 6881 
4 2585 6500 9978 7748 
4 8020 8667 9930 4278 
4 5517 7816 8875 4553 
4 9192 7984 1827 3491 
4 2723 4678 5643 963 
4 4511 8941 3490 2936 
4 52 7479 3256 1744 
4 3797 465 5310 3259 
4 8546 3917 194 5360 
4 3146 2639 5786 6287 
4 2644 9365 5227 3419 
4 9676 9833 2918 7078 
4 7077 4529 7964 5448 
4 9947 3948 399 7854 
4 544 9003 1979 9767 
4 6555 1207 548 2551 
4 558 1922 6459 2880 
4 5108 2020 1163 8093 
4 7024 2864 7749 6299 
4 9178 4464 3539 5954 
4 7100 1213 10 3527 
4 5924 9046 6036 6788 
4 8329 7525 8266 814 
4 7472 7326 5010 2871 
4 3044 4908 4818 7940 
4 1039 7075 389 2282 
4 5166 8083 8922 4627 
4 9322 7469 5833 1396 
4 2977 8137 8947 4771 
4 1729 3061 2243 7071 
4 4321 9502 2950 8019 
4 4359 3085 591 3140 
4 8820 6787 1028 7102 
4 1022 9685 1601 6626 
4 2321 4660 7555 8901 
4 797 929 5690 5903 
4 4662 3506 1962 4030 
4 5542 1356 1800 4390 
4 7849 5069 789 8895 
4 7799 4667 6718 3978 
4 3746 8120 3864 7774 
4 9640 3636 8068 1624 
4 115 6428 1687 2442 
4 2096 8631 1692 7140 
4 7070 7947 6484 8415 
4 5557 1400 2540 4013 
4 5988 8316 6692 2629 
4 1462 7842 46 2238 
4 183 8183 3149 7927 
4 9378 1467 4649 1635 
4 130 7029 9340 1088 
4 4404 6181 7337 4176 
4 8259 6049 6854 6613 
4 7876 6813 3924 8295 
4 869 1145 1887 4293 
4 4230 2455 1251 2121 
4 5505 9317 2878 1308 
4 8055 1099 6065 7712 
4 5698 9390 9319 6352 
4 9600 5993 5338 9517 
4 2183 3560 5146 14 
4 5910 1210 9783 5968 
4 8119 6040 8581 228 
4 3425 8371 9550 4671 
4 9579 7207 9207 1231 
4 2374 1710 6088 7967 
4 8326 2088 533 4861 
4 7187 336 3383 3449 
4 5642 3387 1480 4114 
4 8223 5723 1743 1063 
4 9864 1000 6178 9718 
4 3209 1316 910 7928 
4 7728 3250 8052 5550 
4 7113 5136 2961 583 
4 5407 4086 166 8178 
4 9144 1723 883 1761 
4 3844 8846 9583 2958 
4 6249 1156 103 6890 
4 8830 278 172 3883 
4 3437 3093 2471 4670 
4 1926 658 3438 840 
4 5121 5018 2326 1757 
4 4588 4126 3822 8175 
4 8924 3076 7851 4726 
4 1438 9148 6150 688 
4 7552 6724 6547 5255 
4 678 9561 3205 3554 
4 4907 9158 6512 3106 
4 9713 297 8968 4437 
4 6588 3700 9591 1010 
4 3065 6376 2664 1157 
4 3987 4147 4555 4250 
4 9256 4989 903 1123 
4 5944 4614 2762 489 
4 2429 7769 110 9707 
4 1309 9704 4733 3994 
4 1660 1975 6831 3816 
4 8649 6100 4894 3318 
4 7636 977 5112 8847 
4 9621 6053 259 5170 
4 5098 5242 5131 2259 
4 1968 2566 9295 1646 
4 8143 333 7098 2389 
4 8470 8048 9697 1127 
4 5713 5503 6750 9853 
4 101 1432 4436 5647 
4 9043 9909 8235 8686 
4 2356 5959 7615 8560 
4 3877 3053 6922 8802 
4 981 3715 1883 9727 
4 5693 5148 6116 7659 
4 9054 400 8125 7402 
4 1814 2463 5064 4683 
4 1237 3433 6932 267 
4 5554 8845 6843 8205 
4 8040 2582 2353 3555 
4 9119 3765 6117 8782 
4 9061 2914 4448 4301 
4 5008 2458 9360 6816 
4 1002 2043 6515 4898 
4 1543 3402 464 2895 
4 4838 6388 8392 8387 
4 8517 2156 6507 1751 
4 3547 4370 1109 2694 
4 718 1966 4761 8632 
4 1327 862 339 3737 
4 2265 9249 9167 4121 
4 50 7513 4692 2327 
4 8286 4755 8502 1122 
4 3386 6032 7368 8315 
4 1478 8276 3663 187 
4 9560 9237 2229 2341 
4 7424 9818 9567 730 
4 5476 9321 3881 2535 
4 8644 5372 8508 5155 
4 8219 8874 3290 4699 
4 7495 982 9519 7790 
4 6151 8454 2814 4043 
4 3214 7770 5042 2084 
4 9058 1998 6057 3381 
4 8500 9045 4036 7893 
4 7556 3354 2602 5206 
4 2737 3374 9445 8841 
4 3907 5672 4185 8738 
4 2649 3125 4325 4872 
4 3667 2924 7201 2431 
4 9793 3097 1788 8974 
4 9602 5834 2334 1557 
4 6373 755 1055 5779 
4 1117 3212 4383 7265 
4 528 1539 7874 3423 
4 3968 5532 2974 6952 
4 9826 6797 6081 2179 
4 3262 4694 8237 908 
4 2036 7674 4970 6361 
4 5501 7421 281 3538 
4 3063 7703 3367 7601 
4 4320 7686 152 723 
4 4611 6699 5952 4967 
4 7701 5788 7154 4804 
4 3322 6807 8345 7420 
4 9415 1431 5272 4816 
4 7193 9551 6307 8109 
4 1405 7120 1504 5084 
4 5354 1089 7717 9842 
4 5657 2357 2234 3517 
4 8529 5849 2309 7581 
4 8776 2446 1087 7666 
4 2537 3051 8592 6483 
4 5556 4204 6329 1043 
4 7582 3116 8763 1852 
4 1985 9438 6730 8053 
4 3179 7221 7732 5085 
4 6399 9236 7376 6020 
4 7784 8843 5491 2873 
4 5531 4478 3418 6077 
4 5299 5604 1030 2965 
4 8554 75 4948 7427 
4 7759 4981 3545 2404 
4 3343 6094 5232 6643 
4 7650 4918 3563 467 
4 9186 2095 573 9910 
4 9116 5682 794 1923 
4 3568 5011 2483 9488 
4 8826 8406 5555 8884 
4 9466 6893 8196 673 
4 3372 4011 3536 9287 
4 7590 4298 3439 3119 
4 700 9838 3477 3283 
4 5494 1114 3523 7458 
4 7007 6590 8535 5328 
4 7755 8217 8628 275 
4 9435 6545 938 2116 
4 2685 9939 1394 2827 
4 8815 9897 5837 140 
4 2721 3893 5981 3871 
4 4344 6184 1204 7550 
4 8164 8372 3730 2579 
4 3486 4691 9529 6559 
4 4361 3869 5623 1881 
4 5559 4273 9327 5196 
4 3854 561 3549 4881 
4 5907 8548 5077 5245 
4 7998 4059 6715 1355 
4 8730 3454 9180 6446 
4 2056 2816 1899 3646 
4 8095 6023 6673 2157 
4 9874 191 8238 6645 
4 2368 1249 5160 8035 
4 7176 8221 2764 5957 
4 9372 9168 2207 8062 
4 9146 6938 1217 9151 
4 8836 7993 2338 7539 
4 7617 1354 2094 9115 
4 6978 6165 6138 4237 
4 9552 3614 7682 3011 
4 4535 8459 1569 2316 
4 3875 8328 1726 1561 
4 8801 7129 1101 4590 
4 1783 6019 6244 4689 
4 5274 2704 106 8140 
4 1198 4217 39 9902 
4 4703 3013 1871 2619 
4 5566 8489 5705 682 
4 6469 9587 4187 5128 
4 4216 3913 2398 5095 
4 4673 1912 7965 1933 
4 7164 872 774 1303 
4 5806 4306 8144 2802 
4 4914 9754 770 6521 
4 5344 7554 8603 2787 
4 1075 8793 9124 9698 
4 1792 3264 6629 4860 
4 1518 6844 2108 2501 
4 4762 9243 4748 5066 
4 4042 1730 5055 8410 
4 2418 4465 7476 8853 
4 9185 2430 6317 8242 
4 2995 9339 421 2155 
4 4281 8971 6470 226 
4 3152 4001 9609 2703 
4 3027 9272 5441 2512 
4 7762 6144 2955 4817 
4 1928 9546 9067 5562 
4 3922 2739 3429 4339 
4 9888 29 2395 9648 
4 6024 9174 9855 1406 
4 1690 613 2843 5877 
4 3930 2922 6599 1202 
4 387 2086 3171 5477 
4 6601 4704 4578 9132 
4 6186 6082 3309 4734 
4 478 8977 9664 1722 
4 6523 1166 5982 48 
4 4940 7561 4845 6457 
4 6946 9538 5913 4340 
4 5280 272 6194 2248 
4 3356 7336 4714 6785 
4 1771 4974 1121 7973 
4 4336 4477 496 3030 
4 5240 2351 8162 7690 
4 9940 3734 942 5234 
4 7524 8355 266 6090 
4 5884 7362 5881 9494 
4 8993 1420 699 2848 
4 4137 4830 7104 9441 
4 3668 2192 7383 536 
4 7544 4883 59 3717 
4 6148 3177 6130 9776 
4 9684 4942 5809 7832 
4 9244 1219 5560 3168 
4 9202 853 8088 3520 
4 8230 203 9757 7884 
4 7664 3258 4064 8756 
4 2256 6347 2626 6366 
4 5686 5750 1565 9843 
4 4502 3134 3961 1105 
4 1877 4491 617 2174 
4 4775 6273 7203 8907 
4 833 7155 7035 895 
